<?xml version="1.0" encoding="UTF-8"?>
<!-- Generated by org.testng.reporters.JUnitReportReporter -->
<testsuite hostname="LTIN251826" failures="0" tests="5" name="TestCases.TC_01WebDevelopmentCourses" time="13.902" errors="0" timestamp="2024-03-05T00:07:15 IST" skipped="0">
  <testcase classname="TestCases.TC_01WebDevelopmentCourses" name="search" time="6.597"/>
  <system-out/>
  <testcase classname="TestCases.TC_01WebDevelopmentCourses" name="filters" time="1.256"/>
  <system-out/>
  <testcase classname="TestCases.TC_01WebDevelopmentCourses" name="courses" time="5.631"/>
  <system-out/>
  <testcase classname="TestCases.TC_01WebDevelopmentCourses" name="firstcourse" time="0.179"/>
  <system-out/>
  <testcase classname="TestCases.TC_01WebDevelopmentCourses" name="secondcourse" time="0.239"/>
  <system-out/>
</testsuite> <!-- TestCases.TC_01WebDevelopmentCourses -->
