<?xml version="1.0" encoding="UTF-8"?>
<!-- Generated by org.testng.reporters.JUnitReportReporter -->
<testsuite hostname="LTIN251826" failures="0" tests="2" name="TestCases.TC_03FillingForm" time="3.851" errors="0" timestamp="2024-03-05T00:07:15 IST" skipped="0">
  <testcase classname="TestCases.TC_03FillingForm" name="form" time="3.638"/>
  <system-out/>
  <testcase classname="TestCases.TC_03FillingForm" name="error_msg" time="0.213"/>
  <system-out/>
</testsuite> <!-- TestCases.TC_03FillingForm -->
