<?xml version="1.0" encoding="UTF-8"?>
<!-- Generated by org.testng.reporters.JUnitReportReporter -->
<testsuite hostname="LTIN251826" failures="0" tests="4" name="TestCases.TC_02LanguageLearning" time="32.175" errors="0" timestamp="2024-03-05T00:07:15 IST" skipped="0">
  <testcase classname="TestCases.TC_02LanguageLearning" name="lang_learn" time="5.949"/>
  <system-out/>
  <testcase classname="TestCases.TC_02LanguageLearning" name="levels" time="0.862"/>
  <system-out/>
  <testcase classname="TestCases.TC_02LanguageLearning" name="languages" time="4.352"/>
  <system-out/>
  <testcase classname="TestCases.TC_02LanguageLearning" name="enterprise" time="21.012"/>
  <system-out/>
</testsuite> <!-- TestCases.TC_02LanguageLearning -->
